2024-04-25 20:44:29 INFO --> =================================================================
2024-04-25 20:44:29 INFO --> 
Results #0 | 10 Features, 100 Samples:
2024-04-25 20:44:29 INFO --> =================================================================
2024-04-25 20:44:29 INFO --> ManiFest AdaBoost Error: 0.24
2024-04-25 20:44:29 INFO --> ReliefF AdaBoost Error: 0.08
2024-04-25 20:44:29 INFO --> Random AdaBoost Error: 0.32
2024-04-25 20:44:29 INFO --> =================================================================
2024-04-25 20:44:31 INFO --> =================================================================
2024-04-25 20:44:31 INFO --> 
Results #1 | 10 Features, 100 Samples:
2024-04-25 20:44:31 INFO --> =================================================================
2024-04-25 20:44:31 INFO --> ManiFest AdaBoost Error: 0.16
2024-04-25 20:44:31 INFO --> ReliefF AdaBoost Error: 0.12
2024-04-25 20:44:31 INFO --> Random AdaBoost Error: 0.44
2024-04-25 20:44:31 INFO --> =================================================================
2024-04-25 20:44:32 INFO --> =================================================================
2024-04-25 20:44:32 INFO --> 
Results #2 | 10 Features, 100 Samples:
2024-04-25 20:44:32 INFO --> =================================================================
2024-04-25 20:44:32 INFO --> ManiFest AdaBoost Error: 0.16
2024-04-25 20:44:32 INFO --> ReliefF AdaBoost Error: 0.08
2024-04-25 20:44:32 INFO --> Random AdaBoost Error: 0.32
2024-04-25 20:44:32 INFO --> =================================================================
2024-04-25 20:44:33 INFO --> =================================================================
2024-04-25 20:44:33 INFO --> 
Results #3 | 10 Features, 100 Samples:
2024-04-25 20:44:33 INFO --> =================================================================
2024-04-25 20:44:33 INFO --> ManiFest AdaBoost Error: 0.12
2024-04-25 20:44:33 INFO --> ReliefF AdaBoost Error: 0.04
2024-04-25 20:44:33 INFO --> Random AdaBoost Error: 0.2
2024-04-25 20:44:33 INFO --> =================================================================
2024-04-25 20:44:35 INFO --> =================================================================
2024-04-25 20:44:35 INFO --> 
Results #4 | 10 Features, 100 Samples:
2024-04-25 20:44:35 INFO --> =================================================================
2024-04-25 20:44:35 INFO --> ManiFest AdaBoost Error: 0.16
2024-04-25 20:44:35 INFO --> ReliefF AdaBoost Error: 0.0
2024-04-25 20:44:35 INFO --> Random AdaBoost Error: 0.28
2024-04-25 20:44:35 INFO --> =================================================================
2024-04-25 20:44:36 INFO --> =================================================================
2024-04-25 20:44:36 INFO --> 
Results #5 | 10 Features, 100 Samples:
2024-04-25 20:44:36 INFO --> =================================================================
2024-04-25 20:44:36 INFO --> ManiFest AdaBoost Error: 0.16
2024-04-25 20:44:36 INFO --> ReliefF AdaBoost Error: 0.04
2024-04-25 20:44:36 INFO --> Random AdaBoost Error: 0.2
2024-04-25 20:44:36 INFO --> =================================================================
2024-04-25 20:44:38 INFO --> =================================================================
2024-04-25 20:44:38 INFO --> 
Results #6 | 10 Features, 100 Samples:
2024-04-25 20:44:38 INFO --> =================================================================
2024-04-25 20:44:38 INFO --> ManiFest AdaBoost Error: 0.12
2024-04-25 20:44:38 INFO --> ReliefF AdaBoost Error: 0.12
2024-04-25 20:44:38 INFO --> Random AdaBoost Error: 0.36
2024-04-25 20:44:38 INFO --> =================================================================
2024-04-25 20:44:39 INFO --> =================================================================
2024-04-25 20:44:39 INFO --> 
Results #7 | 10 Features, 100 Samples:
2024-04-25 20:44:39 INFO --> =================================================================
2024-04-25 20:44:39 INFO --> ManiFest AdaBoost Error: 0.2
2024-04-25 20:44:39 INFO --> ReliefF AdaBoost Error: 0.12
2024-04-25 20:44:39 INFO --> Random AdaBoost Error: 0.36
2024-04-25 20:44:39 INFO --> =================================================================
2024-04-25 20:44:40 INFO --> =================================================================
2024-04-25 20:44:40 INFO --> 
Results #8 | 10 Features, 100 Samples:
2024-04-25 20:44:40 INFO --> =================================================================
2024-04-25 20:44:40 INFO --> ManiFest AdaBoost Error: 0.28
2024-04-25 20:44:40 INFO --> ReliefF AdaBoost Error: 0.08
2024-04-25 20:44:40 INFO --> Random AdaBoost Error: 0.44
2024-04-25 20:44:40 INFO --> =================================================================
2024-04-25 20:44:42 INFO --> =================================================================
2024-04-25 20:44:42 INFO --> 
Results #9 | 10 Features, 100 Samples:
2024-04-25 20:44:42 INFO --> =================================================================
2024-04-25 20:44:42 INFO --> ManiFest AdaBoost Error: 0.2
2024-04-25 20:44:42 INFO --> ReliefF AdaBoost Error: 0.2
2024-04-25 20:44:42 INFO --> Random AdaBoost Error: 0.52
2024-04-25 20:44:42 INFO --> =================================================================
2024-04-25 20:44:43 INFO --> =================================================================
2024-04-25 20:44:43 INFO --> 
Results #0 | 20 Features, 100 Samples:
2024-04-25 20:44:43 INFO --> =================================================================
2024-04-25 20:44:43 INFO --> ManiFest AdaBoost Error: 0.16
2024-04-25 20:44:43 INFO --> ReliefF AdaBoost Error: 0.04
2024-04-25 20:44:43 INFO --> Random AdaBoost Error: 0.44
2024-04-25 20:44:43 INFO --> =================================================================
2024-04-25 20:44:45 INFO --> =================================================================
2024-04-25 20:44:45 INFO --> 
Results #1 | 20 Features, 100 Samples:
2024-04-25 20:44:45 INFO --> =================================================================
2024-04-25 20:44:45 INFO --> ManiFest AdaBoost Error: 0.04
2024-04-25 20:44:45 INFO --> ReliefF AdaBoost Error: 0.12
2024-04-25 20:44:45 INFO --> Random AdaBoost Error: 0.28
2024-04-25 20:44:45 INFO --> =================================================================
2024-04-25 20:44:46 INFO --> =================================================================
2024-04-25 20:44:46 INFO --> 
Results #2 | 20 Features, 100 Samples:
2024-04-25 20:44:46 INFO --> =================================================================
2024-04-25 20:44:46 INFO --> ManiFest AdaBoost Error: 0.04
2024-04-25 20:44:46 INFO --> ReliefF AdaBoost Error: 0.2
2024-04-25 20:44:46 INFO --> Random AdaBoost Error: 0.32
2024-04-25 20:44:46 INFO --> =================================================================
2024-04-25 20:44:47 INFO --> =================================================================
2024-04-25 20:44:47 INFO --> 
Results #3 | 20 Features, 100 Samples:
2024-04-25 20:44:47 INFO --> =================================================================
2024-04-25 20:44:47 INFO --> ManiFest AdaBoost Error: 0.12
2024-04-25 20:44:47 INFO --> ReliefF AdaBoost Error: 0.04
2024-04-25 20:44:47 INFO --> Random AdaBoost Error: 0.2
2024-04-25 20:44:47 INFO --> =================================================================
2024-04-25 20:44:49 INFO --> =================================================================
2024-04-25 20:44:49 INFO --> 
Results #4 | 20 Features, 100 Samples:
2024-04-25 20:44:49 INFO --> =================================================================
2024-04-25 20:44:49 INFO --> ManiFest AdaBoost Error: 0.2
2024-04-25 20:44:49 INFO --> ReliefF AdaBoost Error: 0.12
2024-04-25 20:44:49 INFO --> Random AdaBoost Error: 0.44
2024-04-25 20:44:49 INFO --> =================================================================
2024-04-25 20:44:50 INFO --> =================================================================
2024-04-25 20:44:50 INFO --> 
Results #5 | 20 Features, 100 Samples:
2024-04-25 20:44:50 INFO --> =================================================================
2024-04-25 20:44:50 INFO --> ManiFest AdaBoost Error: 0.24
2024-04-25 20:44:50 INFO --> ReliefF AdaBoost Error: 0.04
2024-04-25 20:44:50 INFO --> Random AdaBoost Error: 0.32
2024-04-25 20:44:50 INFO --> =================================================================
2024-04-25 20:44:52 INFO --> =================================================================
2024-04-25 20:44:52 INFO --> 
Results #6 | 20 Features, 100 Samples:
2024-04-25 20:44:52 INFO --> =================================================================
2024-04-25 20:44:52 INFO --> ManiFest AdaBoost Error: 0.08
2024-04-25 20:44:52 INFO --> ReliefF AdaBoost Error: 0.04
2024-04-25 20:44:52 INFO --> Random AdaBoost Error: 0.16
2024-04-25 20:44:52 INFO --> =================================================================
2024-04-25 20:44:53 INFO --> =================================================================
2024-04-25 20:44:53 INFO --> 
Results #7 | 20 Features, 100 Samples:
2024-04-25 20:44:53 INFO --> =================================================================
2024-04-25 20:44:53 INFO --> ManiFest AdaBoost Error: 0.16
2024-04-25 20:44:53 INFO --> ReliefF AdaBoost Error: 0.08
2024-04-25 20:44:53 INFO --> Random AdaBoost Error: 0.04
2024-04-25 20:44:53 INFO --> =================================================================
2024-04-25 20:44:54 INFO --> =================================================================
2024-04-25 20:44:54 INFO --> 
Results #8 | 20 Features, 100 Samples:
2024-04-25 20:44:54 INFO --> =================================================================
2024-04-25 20:44:54 INFO --> ManiFest AdaBoost Error: 0.2
2024-04-25 20:44:54 INFO --> ReliefF AdaBoost Error: 0.08
2024-04-25 20:44:54 INFO --> Random AdaBoost Error: 0.16
2024-04-25 20:44:54 INFO --> =================================================================
2024-04-25 20:44:56 INFO --> =================================================================
2024-04-25 20:44:56 INFO --> 
Results #9 | 20 Features, 100 Samples:
2024-04-25 20:44:56 INFO --> =================================================================
2024-04-25 20:44:56 INFO --> ManiFest AdaBoost Error: 0.28
2024-04-25 20:44:56 INFO --> ReliefF AdaBoost Error: 0.16
2024-04-25 20:44:56 INFO --> Random AdaBoost Error: 0.2
2024-04-25 20:44:56 INFO --> =================================================================
2024-04-25 20:44:57 INFO --> =================================================================
2024-04-25 20:44:57 INFO --> 
Results #0 | 30 Features, 100 Samples:
2024-04-25 20:44:57 INFO --> =================================================================
2024-04-25 20:44:57 INFO --> ManiFest AdaBoost Error: 0.08
2024-04-25 20:44:57 INFO --> ReliefF AdaBoost Error: 0.12
2024-04-25 20:44:57 INFO --> Random AdaBoost Error: 0.36
2024-04-25 20:44:57 INFO --> =================================================================
2024-04-25 20:44:58 INFO --> =================================================================
2024-04-25 20:44:58 INFO --> 
Results #1 | 30 Features, 100 Samples:
2024-04-25 20:44:58 INFO --> =================================================================
2024-04-25 20:44:58 INFO --> ManiFest AdaBoost Error: 0.16
2024-04-25 20:44:58 INFO --> ReliefF AdaBoost Error: 0.04
2024-04-25 20:44:58 INFO --> Random AdaBoost Error: 0.32
2024-04-25 20:44:58 INFO --> =================================================================
2024-04-25 20:45:00 INFO --> =================================================================
2024-04-25 20:45:00 INFO --> 
Results #2 | 30 Features, 100 Samples:
2024-04-25 20:45:00 INFO --> =================================================================
2024-04-25 20:45:00 INFO --> ManiFest AdaBoost Error: 0.08
2024-04-25 20:45:00 INFO --> ReliefF AdaBoost Error: 0.2
2024-04-25 20:45:00 INFO --> Random AdaBoost Error: 0.36
2024-04-25 20:45:00 INFO --> =================================================================
2024-04-25 20:45:01 INFO --> =================================================================
2024-04-25 20:45:01 INFO --> 
Results #3 | 30 Features, 100 Samples:
2024-04-25 20:45:01 INFO --> =================================================================
2024-04-25 20:45:01 INFO --> ManiFest AdaBoost Error: 0.24
2024-04-25 20:45:01 INFO --> ReliefF AdaBoost Error: 0.12
2024-04-25 20:45:01 INFO --> Random AdaBoost Error: 0.24
2024-04-25 20:45:01 INFO --> =================================================================
2024-04-25 20:45:03 INFO --> =================================================================
2024-04-25 20:45:03 INFO --> 
Results #4 | 30 Features, 100 Samples:
2024-04-25 20:45:03 INFO --> =================================================================
2024-04-25 20:45:03 INFO --> ManiFest AdaBoost Error: 0.04
2024-04-25 20:45:03 INFO --> ReliefF AdaBoost Error: 0.08
2024-04-25 20:45:03 INFO --> Random AdaBoost Error: 0.16
2024-04-25 20:45:03 INFO --> =================================================================
2024-04-25 20:45:04 INFO --> =================================================================
2024-04-25 20:45:04 INFO --> 
Results #5 | 30 Features, 100 Samples:
2024-04-25 20:45:04 INFO --> =================================================================
2024-04-25 20:45:04 INFO --> ManiFest AdaBoost Error: 0.04
2024-04-25 20:45:04 INFO --> ReliefF AdaBoost Error: 0.04
2024-04-25 20:45:04 INFO --> Random AdaBoost Error: 0.44
2024-04-25 20:45:04 INFO --> =================================================================
2024-04-25 20:45:06 INFO --> =================================================================
2024-04-25 20:45:06 INFO --> 
Results #6 | 30 Features, 100 Samples:
2024-04-25 20:45:06 INFO --> =================================================================
2024-04-25 20:45:06 INFO --> ManiFest AdaBoost Error: 0.08
2024-04-25 20:45:06 INFO --> ReliefF AdaBoost Error: 0.04
2024-04-25 20:45:06 INFO --> Random AdaBoost Error: 0.12
2024-04-25 20:45:06 INFO --> =================================================================
2024-04-25 20:45:07 INFO --> =================================================================
2024-04-25 20:45:07 INFO --> 
Results #7 | 30 Features, 100 Samples:
2024-04-25 20:45:07 INFO --> =================================================================
2024-04-25 20:45:07 INFO --> ManiFest AdaBoost Error: 0.24
2024-04-25 20:45:07 INFO --> ReliefF AdaBoost Error: 0.2
2024-04-25 20:45:07 INFO --> Random AdaBoost Error: 0.32
2024-04-25 20:45:07 INFO --> =================================================================
2024-04-25 20:45:09 INFO --> =================================================================
2024-04-25 20:45:09 INFO --> 
Results #8 | 30 Features, 100 Samples:
2024-04-25 20:45:09 INFO --> =================================================================
2024-04-25 20:45:09 INFO --> ManiFest AdaBoost Error: 0.04
2024-04-25 20:45:09 INFO --> ReliefF AdaBoost Error: 0.0
2024-04-25 20:45:09 INFO --> Random AdaBoost Error: 0.44
2024-04-25 20:45:09 INFO --> =================================================================
2024-04-25 20:45:11 INFO --> =================================================================
2024-04-25 20:45:11 INFO --> 
Results #9 | 30 Features, 100 Samples:
2024-04-25 20:45:11 INFO --> =================================================================
2024-04-25 20:45:11 INFO --> ManiFest AdaBoost Error: 0.28
2024-04-25 20:45:11 INFO --> ReliefF AdaBoost Error: 0.12
2024-04-25 20:45:11 INFO --> Random AdaBoost Error: 0.36
2024-04-25 20:45:11 INFO --> =================================================================
2024-04-25 20:45:13 INFO --> =================================================================
2024-04-25 20:45:13 INFO --> 
Results #0 | 40 Features, 100 Samples:
2024-04-25 20:45:13 INFO --> =================================================================
2024-04-25 20:45:13 INFO --> ManiFest AdaBoost Error: 0.16
2024-04-25 20:45:13 INFO --> ReliefF AdaBoost Error: 0.16
2024-04-25 20:45:13 INFO --> Random AdaBoost Error: 0.08
2024-04-25 20:45:13 INFO --> =================================================================
2024-04-25 20:45:14 INFO --> =================================================================
2024-04-25 20:45:14 INFO --> 
Results #1 | 40 Features, 100 Samples:
2024-04-25 20:45:14 INFO --> =================================================================
2024-04-25 20:45:14 INFO --> ManiFest AdaBoost Error: 0.0
2024-04-25 20:45:14 INFO --> ReliefF AdaBoost Error: 0.08
2024-04-25 20:45:14 INFO --> Random AdaBoost Error: 0.36
2024-04-25 20:45:14 INFO --> =================================================================
2024-04-25 20:45:16 INFO --> =================================================================
2024-04-25 20:45:16 INFO --> 
Results #2 | 40 Features, 100 Samples:
2024-04-25 20:45:16 INFO --> =================================================================
2024-04-25 20:45:16 INFO --> ManiFest AdaBoost Error: 0.12
2024-04-25 20:45:16 INFO --> ReliefF AdaBoost Error: 0.08
2024-04-25 20:45:16 INFO --> Random AdaBoost Error: 0.36
2024-04-25 20:45:16 INFO --> =================================================================
2024-04-25 20:45:17 INFO --> =================================================================
2024-04-25 20:45:17 INFO --> 
Results #3 | 40 Features, 100 Samples:
2024-04-25 20:45:17 INFO --> =================================================================
2024-04-25 20:45:17 INFO --> ManiFest AdaBoost Error: 0.12
2024-04-25 20:45:17 INFO --> ReliefF AdaBoost Error: 0.04
2024-04-25 20:45:17 INFO --> Random AdaBoost Error: 0.16
2024-04-25 20:45:17 INFO --> =================================================================
2024-04-25 20:45:19 INFO --> =================================================================
2024-04-25 20:45:19 INFO --> 
Results #4 | 40 Features, 100 Samples:
2024-04-25 20:45:19 INFO --> =================================================================
2024-04-25 20:45:19 INFO --> ManiFest AdaBoost Error: 0.04
2024-04-25 20:45:19 INFO --> ReliefF AdaBoost Error: 0.12
2024-04-25 20:45:19 INFO --> Random AdaBoost Error: 0.2
2024-04-25 20:45:19 INFO --> =================================================================
2024-04-25 20:45:20 INFO --> =================================================================
2024-04-25 20:45:20 INFO --> 
Results #5 | 40 Features, 100 Samples:
2024-04-25 20:45:20 INFO --> =================================================================
2024-04-25 20:45:20 INFO --> ManiFest AdaBoost Error: 0.08
2024-04-25 20:45:20 INFO --> ReliefF AdaBoost Error: 0.04
2024-04-25 20:45:20 INFO --> Random AdaBoost Error: 0.2
2024-04-25 20:45:20 INFO --> =================================================================
2024-04-25 20:45:22 INFO --> =================================================================
2024-04-25 20:45:22 INFO --> 
Results #6 | 40 Features, 100 Samples:
2024-04-25 20:45:22 INFO --> =================================================================
2024-04-25 20:45:22 INFO --> ManiFest AdaBoost Error: 0.28
2024-04-25 20:45:22 INFO --> ReliefF AdaBoost Error: 0.08
2024-04-25 20:45:22 INFO --> Random AdaBoost Error: 0.16
2024-04-25 20:45:22 INFO --> =================================================================
2024-04-25 20:45:23 INFO --> =================================================================
2024-04-25 20:45:23 INFO --> 
Results #7 | 40 Features, 100 Samples:
2024-04-25 20:45:23 INFO --> =================================================================
2024-04-25 20:45:23 INFO --> ManiFest AdaBoost Error: 0.12
2024-04-25 20:45:23 INFO --> ReliefF AdaBoost Error: 0.08
2024-04-25 20:45:23 INFO --> Random AdaBoost Error: 0.28
2024-04-25 20:45:23 INFO --> =================================================================
2024-04-25 20:45:25 INFO --> =================================================================
2024-04-25 20:45:25 INFO --> 
Results #8 | 40 Features, 100 Samples:
2024-04-25 20:45:25 INFO --> =================================================================
2024-04-25 20:45:25 INFO --> ManiFest AdaBoost Error: 0.12
2024-04-25 20:45:25 INFO --> ReliefF AdaBoost Error: 0.04
2024-04-25 20:45:25 INFO --> Random AdaBoost Error: 0.32
2024-04-25 20:45:25 INFO --> =================================================================
2024-04-25 20:45:26 INFO --> =================================================================
2024-04-25 20:45:26 INFO --> 
Results #9 | 40 Features, 100 Samples:
2024-04-25 20:45:26 INFO --> =================================================================
2024-04-25 20:45:26 INFO --> ManiFest AdaBoost Error: 0.2
2024-04-25 20:45:26 INFO --> ReliefF AdaBoost Error: 0.04
2024-04-25 20:45:26 INFO --> Random AdaBoost Error: 0.28
2024-04-25 20:45:26 INFO --> =================================================================
2024-04-25 20:45:27 INFO --> =================================================================
2024-04-25 20:45:27 INFO --> 
Results #0 | 50 Features, 100 Samples:
2024-04-25 20:45:27 INFO --> =================================================================
2024-04-25 20:45:27 INFO --> ManiFest AdaBoost Error: 0.16
2024-04-25 20:45:27 INFO --> ReliefF AdaBoost Error: 0.08
2024-04-25 20:45:27 INFO --> Random AdaBoost Error: 0.16
2024-04-25 20:45:27 INFO --> =================================================================
2024-04-25 20:45:29 INFO --> =================================================================
2024-04-25 20:45:29 INFO --> 
Results #1 | 50 Features, 100 Samples:
2024-04-25 20:45:29 INFO --> =================================================================
2024-04-25 20:45:29 INFO --> ManiFest AdaBoost Error: 0.04
2024-04-25 20:45:29 INFO --> ReliefF AdaBoost Error: 0.04
2024-04-25 20:45:29 INFO --> Random AdaBoost Error: 0.12
2024-04-25 20:45:29 INFO --> =================================================================
2024-04-25 20:45:30 INFO --> =================================================================
2024-04-25 20:45:30 INFO --> 
Results #2 | 50 Features, 100 Samples:
2024-04-25 20:45:30 INFO --> =================================================================
2024-04-25 20:45:30 INFO --> ManiFest AdaBoost Error: 0.04
2024-04-25 20:45:30 INFO --> ReliefF AdaBoost Error: 0.04
2024-04-25 20:45:30 INFO --> Random AdaBoost Error: 0.2
2024-04-25 20:45:30 INFO --> =================================================================
