2024-04-14 23:08:20 INFO --> =================================================================
2024-04-14 23:08:20 INFO --> 
Results | 10 Samples, 5 Weak Learners:
2024-04-14 23:08:20 INFO --> =================================================================
2024-04-14 23:08:20 INFO --> Random ManiFest Error: 0.3333333333333333
2024-04-14 23:08:20 INFO --> Random ReliefF Error: 0.6666666666666666
2024-04-14 23:08:20 INFO --> Random AdaBoost Error: 0.6666666666666666
2024-04-14 23:08:20 INFO --> =================================================================
2024-04-14 23:08:22 INFO --> =================================================================
2024-04-14 23:08:22 INFO --> 
Results | 100 Samples, 50 Weak Learners:
2024-04-14 23:08:22 INFO --> =================================================================
2024-04-14 23:08:22 INFO --> Random ManiFest Error: 0.04
2024-04-14 23:08:22 INFO --> Random ReliefF Error: 0.48
2024-04-14 23:08:22 INFO --> Random AdaBoost Error: 0.0
2024-04-14 23:08:22 INFO --> =================================================================
2024-04-14 23:08:23 INFO --> =================================================================
2024-04-14 23:08:23 INFO --> 
Results | 400 Samples, 200 Weak Learners:
2024-04-14 23:08:23 INFO --> =================================================================
2024-04-14 23:08:23 INFO --> Random ManiFest Error: 0.01
2024-04-14 23:08:23 INFO --> Random ReliefF Error: 0.05
2024-04-14 23:08:23 INFO --> Random AdaBoost Error: 0.02
2024-04-14 23:08:23 INFO --> =================================================================
2024-04-14 23:08:25 INFO --> =================================================================
2024-04-14 23:08:25 INFO --> 
Results | 25 Samples, 5 Weak Learners:
2024-04-14 23:08:25 INFO --> =================================================================
2024-04-14 23:08:25 INFO --> Random ManiFest Error: 0.5
2024-04-14 23:08:25 INFO --> Random ReliefF Error: 0.5
2024-04-14 23:08:25 INFO --> Random AdaBoost Error: 0.5
2024-04-14 23:08:25 INFO --> =================================================================
2024-04-14 23:08:26 INFO --> =================================================================
2024-04-14 23:08:26 INFO --> 
Results | 250 Samples, 50 Weak Learners:
2024-04-14 23:08:26 INFO --> =================================================================
2024-04-14 23:08:26 INFO --> Random ManiFest Error: 0.0
2024-04-14 23:08:26 INFO --> Random ReliefF Error: 0.38095238095238093
2024-04-14 23:08:26 INFO --> Random AdaBoost Error: 0.14285714285714285
2024-04-14 23:08:26 INFO --> =================================================================
2024-04-14 23:08:28 INFO --> =================================================================
2024-04-14 23:08:28 INFO --> 
Results | 1000 Samples, 200 Weak Learners:
2024-04-14 23:08:28 INFO --> =================================================================
2024-04-14 23:08:28 INFO --> Random ManiFest Error: 0.004
2024-04-14 23:08:28 INFO --> Random ReliefF Error: 0.044
2024-04-14 23:08:28 INFO --> Random AdaBoost Error: 0.016
2024-04-14 23:08:28 INFO --> =================================================================
2024-04-14 23:08:30 INFO --> =================================================================
2024-04-14 23:08:30 INFO --> 
Results | 50 Samples, 5 Weak Learners:
2024-04-14 23:08:30 INFO --> =================================================================
2024-04-14 23:08:30 INFO --> Random ManiFest Error: 0.3076923076923077
2024-04-14 23:08:30 INFO --> Random ReliefF Error: 0.5384615384615384
2024-04-14 23:08:30 INFO --> Random AdaBoost Error: 0.07692307692307693
2024-04-14 23:08:30 INFO --> =================================================================
2024-04-14 23:08:31 INFO --> =================================================================
2024-04-14 23:08:31 INFO --> 
Results | 500 Samples, 50 Weak Learners:
2024-04-14 23:08:31 INFO --> =================================================================
2024-04-14 23:08:31 INFO --> Random ManiFest Error: 0.024
2024-04-14 23:08:31 INFO --> Random ReliefF Error: 0.232
2024-04-14 23:08:31 INFO --> Random AdaBoost Error: 0.048
2024-04-14 23:08:31 INFO --> =================================================================
2024-04-14 23:08:35 INFO --> =================================================================
2024-04-14 23:08:35 INFO --> 
Results | 2000 Samples, 200 Weak Learners:
2024-04-14 23:08:35 INFO --> =================================================================
2024-04-14 23:08:35 INFO --> Random ManiFest Error: 0.006
2024-04-14 23:08:35 INFO --> Random ReliefF Error: 0.06
2024-04-14 23:08:35 INFO --> Random AdaBoost Error: 0.016
2024-04-14 23:08:35 INFO --> =================================================================
2024-04-14 23:08:36 INFO --> =================================================================
2024-04-14 23:08:36 INFO --> 
Results | 250 Samples, 5 Weak Learners:
2024-04-14 23:08:36 INFO --> =================================================================
2024-04-14 23:08:36 INFO --> Random ManiFest Error: 0.25396825396825395
2024-04-14 23:08:36 INFO --> Random ReliefF Error: 0.42857142857142855
2024-04-14 23:08:36 INFO --> Random AdaBoost Error: 0.42857142857142855
2024-04-14 23:08:36 INFO --> =================================================================
2024-04-14 23:08:40 INFO --> =================================================================
2024-04-14 23:08:40 INFO --> 
Results | 2500 Samples, 50 Weak Learners:
2024-04-14 23:08:40 INFO --> =================================================================
2024-04-14 23:08:40 INFO --> Random ManiFest Error: 0.0192
2024-04-14 23:08:40 INFO --> Random ReliefF Error: 0.3216
2024-04-14 23:08:40 INFO --> Random AdaBoost Error: 0.168
2024-04-14 23:08:40 INFO --> =================================================================
2024-04-14 23:09:17 INFO --> =================================================================
2024-04-14 23:09:17 INFO --> 
Results | 10000 Samples, 200 Weak Learners:
2024-04-14 23:09:17 INFO --> =================================================================
2024-04-14 23:09:17 INFO --> Random ManiFest Error: 0.018
2024-04-14 23:09:17 INFO --> Random ReliefF Error: 0.0436
2024-04-14 23:09:17 INFO --> Random AdaBoost Error: 0.0332
2024-04-14 23:09:17 INFO --> =================================================================
