2024-04-29 13:32:24 INFO --> =================================================================
2024-04-29 13:32:24 INFO --> 
Results #0 | 10 Features, 20 Samples:
2024-04-29 13:32:24 INFO --> =================================================================
2024-04-29 13:32:24 INFO --> ManiFest AdaBoost Error: 0.4
2024-04-29 13:32:24 INFO --> ReliefF AdaBoost Error: 0.2
2024-04-29 13:32:24 INFO --> Random AdaBoost Error: 0.4
2024-04-29 13:32:24 INFO --> =================================================================
2024-04-29 13:32:25 INFO --> =================================================================
2024-04-29 13:32:25 INFO --> 
Results #1 | 10 Features, 20 Samples:
2024-04-29 13:32:25 INFO --> =================================================================
2024-04-29 13:32:25 INFO --> ManiFest AdaBoost Error: 0.6
2024-04-29 13:32:25 INFO --> ReliefF AdaBoost Error: 0.2
2024-04-29 13:32:25 INFO --> Random AdaBoost Error: 0.4
2024-04-29 13:32:25 INFO --> =================================================================
2024-04-29 13:32:26 INFO --> =================================================================
2024-04-29 13:32:26 INFO --> 
Results #2 | 10 Features, 20 Samples:
2024-04-29 13:32:26 INFO --> =================================================================
2024-04-29 13:32:26 INFO --> ManiFest AdaBoost Error: 0.4
2024-04-29 13:32:26 INFO --> ReliefF AdaBoost Error: 0.6
2024-04-29 13:32:26 INFO --> Random AdaBoost Error: 0.2
2024-04-29 13:32:26 INFO --> =================================================================
2024-04-29 13:32:28 INFO --> =================================================================
2024-04-29 13:32:28 INFO --> 
Results #0 | 20 Features, 20 Samples:
2024-04-29 13:32:28 INFO --> =================================================================
2024-04-29 13:32:28 INFO --> ManiFest AdaBoost Error: 0.2
2024-04-29 13:32:28 INFO --> ReliefF AdaBoost Error: 0.4
2024-04-29 13:32:28 INFO --> Random AdaBoost Error: 0.4
2024-04-29 13:32:28 INFO --> =================================================================
2024-04-29 13:32:29 INFO --> =================================================================
2024-04-29 13:32:29 INFO --> 
Results #1 | 20 Features, 20 Samples:
2024-04-29 13:32:29 INFO --> =================================================================
2024-04-29 13:32:29 INFO --> ManiFest AdaBoost Error: 0.4
2024-04-29 13:32:29 INFO --> ReliefF AdaBoost Error: 0.4
2024-04-29 13:32:29 INFO --> Random AdaBoost Error: 0.6
2024-04-29 13:32:29 INFO --> =================================================================
2024-04-29 13:32:31 INFO --> =================================================================
2024-04-29 13:32:31 INFO --> 
Results #2 | 20 Features, 20 Samples:
2024-04-29 13:32:31 INFO --> =================================================================
2024-04-29 13:32:31 INFO --> ManiFest AdaBoost Error: 0.0
2024-04-29 13:32:31 INFO --> ReliefF AdaBoost Error: 0.0
2024-04-29 13:32:31 INFO --> Random AdaBoost Error: 0.4
2024-04-29 13:32:31 INFO --> =================================================================
2024-04-29 13:32:32 INFO --> =================================================================
2024-04-29 13:32:32 INFO --> 
Results #0 | 30 Features, 20 Samples:
2024-04-29 13:32:32 INFO --> =================================================================
2024-04-29 13:32:32 INFO --> ManiFest AdaBoost Error: 0.8
2024-04-29 13:32:32 INFO --> ReliefF AdaBoost Error: 0.0
2024-04-29 13:32:32 INFO --> Random AdaBoost Error: 0.2
2024-04-29 13:32:32 INFO --> =================================================================
2024-04-29 13:32:33 INFO --> =================================================================
2024-04-29 13:32:33 INFO --> 
Results #1 | 30 Features, 20 Samples:
2024-04-29 13:32:33 INFO --> =================================================================
2024-04-29 13:32:33 INFO --> ManiFest AdaBoost Error: 0.2
2024-04-29 13:32:33 INFO --> ReliefF AdaBoost Error: 0.0
2024-04-29 13:32:33 INFO --> Random AdaBoost Error: 0.4
2024-04-29 13:32:33 INFO --> =================================================================
2024-04-29 13:32:34 INFO --> =================================================================
2024-04-29 13:32:34 INFO --> 
Results #2 | 30 Features, 20 Samples:
2024-04-29 13:32:34 INFO --> =================================================================
2024-04-29 13:32:34 INFO --> ManiFest AdaBoost Error: 0.4
2024-04-29 13:32:34 INFO --> ReliefF AdaBoost Error: 0.2
2024-04-29 13:32:34 INFO --> Random AdaBoost Error: 0.0
2024-04-29 13:32:34 INFO --> =================================================================
2024-04-29 13:32:36 INFO --> =================================================================
2024-04-29 13:32:36 INFO --> 
Results #0 | 40 Features, 20 Samples:
2024-04-29 13:32:36 INFO --> =================================================================
2024-04-29 13:32:36 INFO --> ManiFest AdaBoost Error: 0.0
2024-04-29 13:32:36 INFO --> ReliefF AdaBoost Error: 0.0
2024-04-29 13:32:36 INFO --> Random AdaBoost Error: 0.4
2024-04-29 13:32:36 INFO --> =================================================================
2024-04-29 13:32:37 INFO --> =================================================================
2024-04-29 13:32:37 INFO --> 
Results #1 | 40 Features, 20 Samples:
2024-04-29 13:32:37 INFO --> =================================================================
2024-04-29 13:32:37 INFO --> ManiFest AdaBoost Error: 0.4
2024-04-29 13:32:37 INFO --> ReliefF AdaBoost Error: 0.0
2024-04-29 13:32:37 INFO --> Random AdaBoost Error: 0.2
2024-04-29 13:32:37 INFO --> =================================================================
2024-04-29 13:32:39 INFO --> =================================================================
2024-04-29 13:32:39 INFO --> 
Results #2 | 40 Features, 20 Samples:
2024-04-29 13:32:39 INFO --> =================================================================
2024-04-29 13:32:39 INFO --> ManiFest AdaBoost Error: 0.2
2024-04-29 13:32:39 INFO --> ReliefF AdaBoost Error: 0.6
2024-04-29 13:32:39 INFO --> Random AdaBoost Error: 0.0
2024-04-29 13:32:39 INFO --> =================================================================
2024-04-29 13:32:40 INFO --> =================================================================
2024-04-29 13:32:40 INFO --> 
Results #0 | 50 Features, 20 Samples:
2024-04-29 13:32:40 INFO --> =================================================================
2024-04-29 13:32:40 INFO --> ManiFest AdaBoost Error: 0.2
2024-04-29 13:32:40 INFO --> ReliefF AdaBoost Error: 0.0
2024-04-29 13:32:40 INFO --> Random AdaBoost Error: 0.2
2024-04-29 13:32:40 INFO --> =================================================================
2024-04-29 13:32:41 INFO --> =================================================================
2024-04-29 13:32:41 INFO --> 
Results #1 | 50 Features, 20 Samples:
2024-04-29 13:32:41 INFO --> =================================================================
2024-04-29 13:32:41 INFO --> ManiFest AdaBoost Error: 0.4
2024-04-29 13:32:41 INFO --> ReliefF AdaBoost Error: 0.0
2024-04-29 13:32:41 INFO --> Random AdaBoost Error: 0.2
2024-04-29 13:32:41 INFO --> =================================================================
2024-04-29 13:32:43 INFO --> =================================================================
2024-04-29 13:32:43 INFO --> 
Results #2 | 50 Features, 20 Samples:
2024-04-29 13:32:43 INFO --> =================================================================
2024-04-29 13:32:43 INFO --> ManiFest AdaBoost Error: 0.4
2024-04-29 13:32:43 INFO --> ReliefF AdaBoost Error: 0.0
2024-04-29 13:32:43 INFO --> Random AdaBoost Error: 0.6
2024-04-29 13:32:43 INFO --> =================================================================
2024-04-29 13:32:44 INFO --> =================================================================
2024-04-29 13:32:44 INFO --> 
Results #0 | 60 Features, 20 Samples:
2024-04-29 13:32:44 INFO --> =================================================================
2024-04-29 13:32:44 INFO --> ManiFest AdaBoost Error: 0.6
2024-04-29 13:32:44 INFO --> ReliefF AdaBoost Error: 0.0
2024-04-29 13:32:44 INFO --> Random AdaBoost Error: 0.2
2024-04-29 13:32:44 INFO --> =================================================================
2024-04-29 13:32:46 INFO --> =================================================================
2024-04-29 13:32:46 INFO --> 
Results #1 | 60 Features, 20 Samples:
2024-04-29 13:32:46 INFO --> =================================================================
2024-04-29 13:32:46 INFO --> ManiFest AdaBoost Error: 1.0
2024-04-29 13:32:46 INFO --> ReliefF AdaBoost Error: 0.2
2024-04-29 13:32:46 INFO --> Random AdaBoost Error: 0.2
2024-04-29 13:32:46 INFO --> =================================================================
2024-04-29 13:32:47 INFO --> =================================================================
2024-04-29 13:32:47 INFO --> 
Results #2 | 60 Features, 20 Samples:
2024-04-29 13:32:47 INFO --> =================================================================
2024-04-29 13:32:47 INFO --> ManiFest AdaBoost Error: 0.2
2024-04-29 13:32:47 INFO --> ReliefF AdaBoost Error: 0.0
2024-04-29 13:32:47 INFO --> Random AdaBoost Error: 0.4
2024-04-29 13:32:47 INFO --> =================================================================
2024-04-29 13:32:48 INFO --> =================================================================
2024-04-29 13:32:48 INFO --> 
Results #0 | 70 Features, 20 Samples:
2024-04-29 13:32:48 INFO --> =================================================================
2024-04-29 13:32:48 INFO --> ManiFest AdaBoost Error: 0.2
2024-04-29 13:32:48 INFO --> ReliefF AdaBoost Error: 0.4
2024-04-29 13:32:48 INFO --> Random AdaBoost Error: 0.4
2024-04-29 13:32:48 INFO --> =================================================================
2024-04-29 13:32:50 INFO --> =================================================================
2024-04-29 13:32:50 INFO --> 
Results #1 | 70 Features, 20 Samples:
2024-04-29 13:32:50 INFO --> =================================================================
2024-04-29 13:32:50 INFO --> ManiFest AdaBoost Error: 0.2
2024-04-29 13:32:50 INFO --> ReliefF AdaBoost Error: 0.0
2024-04-29 13:32:50 INFO --> Random AdaBoost Error: 0.4
2024-04-29 13:32:50 INFO --> =================================================================
2024-04-29 13:32:51 INFO --> =================================================================
2024-04-29 13:32:51 INFO --> 
Results #2 | 70 Features, 20 Samples:
2024-04-29 13:32:51 INFO --> =================================================================
2024-04-29 13:32:51 INFO --> ManiFest AdaBoost Error: 0.6
2024-04-29 13:32:51 INFO --> ReliefF AdaBoost Error: 0.6
2024-04-29 13:32:51 INFO --> Random AdaBoost Error: 0.2
2024-04-29 13:32:51 INFO --> =================================================================
2024-04-29 13:32:53 INFO --> =================================================================
2024-04-29 13:32:53 INFO --> 
Results #0 | 80 Features, 20 Samples:
2024-04-29 13:32:53 INFO --> =================================================================
2024-04-29 13:32:53 INFO --> ManiFest AdaBoost Error: 0.0
2024-04-29 13:32:53 INFO --> ReliefF AdaBoost Error: 0.0
2024-04-29 13:32:53 INFO --> Random AdaBoost Error: 0.2
2024-04-29 13:32:53 INFO --> =================================================================
2024-04-29 13:32:55 INFO --> =================================================================
2024-04-29 13:32:55 INFO --> 
Results #1 | 80 Features, 20 Samples:
2024-04-29 13:32:55 INFO --> =================================================================
2024-04-29 13:32:55 INFO --> ManiFest AdaBoost Error: 0.2
2024-04-29 13:32:55 INFO --> ReliefF AdaBoost Error: 0.4
2024-04-29 13:32:55 INFO --> Random AdaBoost Error: 0.6
2024-04-29 13:32:55 INFO --> =================================================================
2024-04-29 13:32:56 INFO --> =================================================================
2024-04-29 13:32:56 INFO --> 
Results #2 | 80 Features, 20 Samples:
2024-04-29 13:32:56 INFO --> =================================================================
2024-04-29 13:32:56 INFO --> ManiFest AdaBoost Error: 0.2
2024-04-29 13:32:56 INFO --> ReliefF AdaBoost Error: 0.2
2024-04-29 13:32:56 INFO --> Random AdaBoost Error: 0.2
2024-04-29 13:32:56 INFO --> =================================================================
2024-04-29 13:32:57 INFO --> =================================================================
2024-04-29 13:32:57 INFO --> 
Results #0 | 90 Features, 20 Samples:
2024-04-29 13:32:57 INFO --> =================================================================
2024-04-29 13:32:57 INFO --> ManiFest AdaBoost Error: 0.2
2024-04-29 13:32:57 INFO --> ReliefF AdaBoost Error: 0.6
2024-04-29 13:32:57 INFO --> Random AdaBoost Error: 0.6
2024-04-29 13:32:57 INFO --> =================================================================
2024-04-29 13:32:59 INFO --> =================================================================
2024-04-29 13:32:59 INFO --> 
Results #1 | 90 Features, 20 Samples:
2024-04-29 13:32:59 INFO --> =================================================================
2024-04-29 13:32:59 INFO --> ManiFest AdaBoost Error: 0.0
2024-04-29 13:32:59 INFO --> ReliefF AdaBoost Error: 0.4
2024-04-29 13:32:59 INFO --> Random AdaBoost Error: 0.2
2024-04-29 13:32:59 INFO --> =================================================================
2024-04-29 13:33:01 INFO --> =================================================================
2024-04-29 13:33:01 INFO --> 
Results #2 | 90 Features, 20 Samples:
2024-04-29 13:33:01 INFO --> =================================================================
2024-04-29 13:33:01 INFO --> ManiFest AdaBoost Error: 0.2
2024-04-29 13:33:01 INFO --> ReliefF AdaBoost Error: 0.6
2024-04-29 13:33:01 INFO --> Random AdaBoost Error: 0.4
2024-04-29 13:33:01 INFO --> =================================================================
2024-04-29 13:33:02 INFO --> =================================================================
2024-04-29 13:33:02 INFO --> 
Results #0 | 100 Features, 20 Samples:
2024-04-29 13:33:02 INFO --> =================================================================
2024-04-29 13:33:02 INFO --> ManiFest AdaBoost Error: 0.2
2024-04-29 13:33:02 INFO --> ReliefF AdaBoost Error: 0.2
2024-04-29 13:33:02 INFO --> Random AdaBoost Error: 0.0
2024-04-29 13:33:02 INFO --> =================================================================
2024-04-29 13:33:04 INFO --> =================================================================
2024-04-29 13:33:04 INFO --> 
Results #1 | 100 Features, 20 Samples:
2024-04-29 13:33:04 INFO --> =================================================================
2024-04-29 13:33:04 INFO --> ManiFest AdaBoost Error: 0.2
2024-04-29 13:33:04 INFO --> ReliefF AdaBoost Error: 0.2
2024-04-29 13:33:04 INFO --> Random AdaBoost Error: 0.6
2024-04-29 13:33:04 INFO --> =================================================================
2024-04-29 13:33:06 INFO --> =================================================================
2024-04-29 13:33:06 INFO --> 
Results #2 | 100 Features, 20 Samples:
2024-04-29 13:33:06 INFO --> =================================================================
2024-04-29 13:33:06 INFO --> ManiFest AdaBoost Error: 0.2
2024-04-29 13:33:06 INFO --> ReliefF AdaBoost Error: 0.0
2024-04-29 13:33:06 INFO --> Random AdaBoost Error: 0.4
2024-04-29 13:33:06 INFO --> =================================================================
2024-04-29 13:33:07 INFO --> =================================================================
2024-04-29 13:33:07 INFO --> 
Results #0 | 110 Features, 20 Samples:
2024-04-29 13:33:07 INFO --> =================================================================
2024-04-29 13:33:07 INFO --> ManiFest AdaBoost Error: 0.0
2024-04-29 13:33:07 INFO --> ReliefF AdaBoost Error: 0.0
2024-04-29 13:33:07 INFO --> Random AdaBoost Error: 0.4
2024-04-29 13:33:07 INFO --> =================================================================
2024-04-29 13:33:08 INFO --> =================================================================
2024-04-29 13:33:08 INFO --> 
Results #1 | 110 Features, 20 Samples:
2024-04-29 13:33:08 INFO --> =================================================================
2024-04-29 13:33:08 INFO --> ManiFest AdaBoost Error: 0.0
2024-04-29 13:33:08 INFO --> ReliefF AdaBoost Error: 0.4
2024-04-29 13:33:08 INFO --> Random AdaBoost Error: 0.4
2024-04-29 13:33:08 INFO --> =================================================================
2024-04-29 13:33:10 INFO --> =================================================================
2024-04-29 13:33:10 INFO --> 
Results #2 | 110 Features, 20 Samples:
2024-04-29 13:33:10 INFO --> =================================================================
2024-04-29 13:33:10 INFO --> ManiFest AdaBoost Error: 0.8
2024-04-29 13:33:10 INFO --> ReliefF AdaBoost Error: 0.0
2024-04-29 13:33:10 INFO --> Random AdaBoost Error: 0.4
2024-04-29 13:33:10 INFO --> =================================================================
2024-04-29 13:33:12 INFO --> =================================================================
2024-04-29 13:33:12 INFO --> 
Results #0 | 120 Features, 20 Samples:
2024-04-29 13:33:12 INFO --> =================================================================
2024-04-29 13:33:12 INFO --> ManiFest AdaBoost Error: 0.2
2024-04-29 13:33:12 INFO --> ReliefF AdaBoost Error: 0.0
2024-04-29 13:33:12 INFO --> Random AdaBoost Error: 0.0
2024-04-29 13:33:12 INFO --> =================================================================
2024-04-29 13:33:13 INFO --> =================================================================
2024-04-29 13:33:13 INFO --> 
Results #1 | 120 Features, 20 Samples:
2024-04-29 13:33:13 INFO --> =================================================================
2024-04-29 13:33:13 INFO --> ManiFest AdaBoost Error: 0.2
2024-04-29 13:33:13 INFO --> ReliefF AdaBoost Error: 0.6
2024-04-29 13:33:13 INFO --> Random AdaBoost Error: 0.4
2024-04-29 13:33:13 INFO --> =================================================================
2024-04-29 13:33:15 INFO --> =================================================================
2024-04-29 13:33:15 INFO --> 
Results #2 | 120 Features, 20 Samples:
2024-04-29 13:33:15 INFO --> =================================================================
2024-04-29 13:33:15 INFO --> ManiFest AdaBoost Error: 0.4
2024-04-29 13:33:15 INFO --> ReliefF AdaBoost Error: 0.0
2024-04-29 13:33:15 INFO --> Random AdaBoost Error: 0.2
2024-04-29 13:33:15 INFO --> =================================================================
2024-04-29 13:33:17 INFO --> =================================================================
2024-04-29 13:33:17 INFO --> 
Results #0 | 130 Features, 20 Samples:
2024-04-29 13:33:17 INFO --> =================================================================
2024-04-29 13:33:17 INFO --> ManiFest AdaBoost Error: 0.4
2024-04-29 13:33:17 INFO --> ReliefF AdaBoost Error: 0.0
2024-04-29 13:33:17 INFO --> Random AdaBoost Error: 0.2
2024-04-29 13:33:17 INFO --> =================================================================
2024-04-29 13:33:18 INFO --> =================================================================
2024-04-29 13:33:18 INFO --> 
Results #1 | 130 Features, 20 Samples:
2024-04-29 13:33:18 INFO --> =================================================================
2024-04-29 13:33:18 INFO --> ManiFest AdaBoost Error: 0.2
2024-04-29 13:33:18 INFO --> ReliefF AdaBoost Error: 0.4
2024-04-29 13:33:18 INFO --> Random AdaBoost Error: 0.2
2024-04-29 13:33:18 INFO --> =================================================================
2024-04-29 13:33:20 INFO --> =================================================================
2024-04-29 13:33:20 INFO --> 
Results #2 | 130 Features, 20 Samples:
2024-04-29 13:33:20 INFO --> =================================================================
2024-04-29 13:33:20 INFO --> ManiFest AdaBoost Error: 0.6
2024-04-29 13:33:20 INFO --> ReliefF AdaBoost Error: 0.4
2024-04-29 13:33:20 INFO --> Random AdaBoost Error: 0.2
2024-04-29 13:33:20 INFO --> =================================================================
2024-04-29 13:33:22 INFO --> =================================================================
2024-04-29 13:33:22 INFO --> 
Results #0 | 140 Features, 20 Samples:
2024-04-29 13:33:22 INFO --> =================================================================
2024-04-29 13:33:22 INFO --> ManiFest AdaBoost Error: 0.0
2024-04-29 13:33:22 INFO --> ReliefF AdaBoost Error: 0.4
2024-04-29 13:33:22 INFO --> Random AdaBoost Error: 0.4
2024-04-29 13:33:22 INFO --> =================================================================
2024-04-29 13:33:23 INFO --> =================================================================
2024-04-29 13:33:23 INFO --> 
Results #1 | 140 Features, 20 Samples:
2024-04-29 13:33:23 INFO --> =================================================================
2024-04-29 13:33:23 INFO --> ManiFest AdaBoost Error: 0.8
2024-04-29 13:33:23 INFO --> ReliefF AdaBoost Error: 0.6
2024-04-29 13:33:23 INFO --> Random AdaBoost Error: 0.2
2024-04-29 13:33:23 INFO --> =================================================================
2024-04-29 13:33:24 INFO --> =================================================================
2024-04-29 13:33:24 INFO --> 
Results #2 | 140 Features, 20 Samples:
2024-04-29 13:33:24 INFO --> =================================================================
2024-04-29 13:33:24 INFO --> ManiFest AdaBoost Error: 0.2
2024-04-29 13:33:24 INFO --> ReliefF AdaBoost Error: 0.4
2024-04-29 13:33:24 INFO --> Random AdaBoost Error: 0.2
2024-04-29 13:33:24 INFO --> =================================================================
